{"date":"Mon Mar 05 2018 19:57:43 GMT+0000 (GMT)","process":{"pid":2426,"uid":20219,"gid":20219,"cwd":"/cs/home/jw255/Modules/CS3099-Group_Projects/project-code","execPath":"/usr/bin/node","version":"v8.9.4","argv":["/usr/bin/node","/cs/home/jw255/Modules/CS3099-Group_Projects/project-code/node_modules/mocha/bin/_mocha","--reporter","spec","-r","ts-node/register","./test/**/*auth.routes.test.ts"],"memoryUsage":{"rss":99258368,"heapTotal":79220736,"heapUsed":47529048,"external":1410552}},"os":{"loadavg":[0.15234375,0.13671875,0.39306640625],"uptime":5038229},"trace":[{"column":25,"file":"/cs/home/jw255/Modules/CS3099-Group_Projects/project-code/test/integration/auth.routes.test.ts","function":null,"line":72,"method":null,"native":false},{"column":6,"file":"/cs/home/jw255/Modules/CS3099-Group_Projects/project-code/node_modules/supertest/lib/test.js","function":"Test.assert","line":179,"method":"assert","native":false},{"column":12,"file":"/cs/home/jw255/Modules/CS3099-Group_Projects/project-code/node_modules/supertest/lib/test.js","function":"Server.assert","line":131,"method":"assert","native":false},{"column":30,"file":"events.js","function":"Object.onceWrapper","line":313,"method":"onceWrapper","native":false},{"column":13,"file":"events.js","function":"emitNone","line":106,"method":null,"native":false},{"column":7,"file":"events.js","function":"Server.emit","line":208,"method":"emit","native":false},{"column":8,"file":"net.js","function":"emitCloseNT","line":1655,"method":null,"native":false},{"column":11,"file":"internal/process/next_tick.js","function":"_combinedTickCallback","line":135,"method":null,"native":false},{"column":9,"file":"internal/process/next_tick.js","function":"process._tickCallback","line":180,"method":"_tickCallback","native":false}],"stack":["AssertionError: expected { Object (domain, _events, ...) } to have status code 401 but got 200","    at Test.<anonymous> (/cs/home/jw255/Modules/CS3099-Group_Projects/project-code/test/integration/auth.routes.test.ts:72:25)","    at Test.assert (/cs/home/jw255/Modules/CS3099-Group_Projects/project-code/node_modules/supertest/lib/test.js:179:6)","    at Server.assert (/cs/home/jw255/Modules/CS3099-Group_Projects/project-code/node_modules/supertest/lib/test.js:131:12)","    at Object.onceWrapper (events.js:313:30)","    at emitNone (events.js:106:13)","    at Server.emit (events.js:208:7)","    at emitCloseNT (net.js:1655:8)","    at _combinedTickCallback (internal/process/next_tick.js:135:11)","    at process._tickCallback (internal/process/next_tick.js:180:9)"],"level":"error","message":"uncaughtException: expected { Object (domain, _events, ...) } to have status code 401 but got 200","label":"Critical Reporter","timestamp":"2018-03-05T19:57:43.010Z"}
{"date":"Mon Mar 05 2018 20:00:22 GMT+0000 (GMT)","process":{"pid":3425,"uid":20219,"gid":20219,"cwd":"/cs/home/jw255/Modules/CS3099-Group_Projects/project-code","execPath":"/usr/bin/node","version":"v8.9.4","argv":["/usr/bin/node","/cs/home/jw255/Modules/CS3099-Group_Projects/project-code/node_modules/mocha/bin/_mocha","--reporter","spec","-r","ts-node/register","./test/**/*auth.routes.test.ts"],"memoryUsage":{"rss":207020032,"heapTotal":155942912,"heapUsed":111597688,"external":74819}},"os":{"loadavg":[0.12744140625,0.12646484375,0.34423828125],"uptime":5038388},"trace":[{"column":25,"file":"/cs/home/jw255/Modules/CS3099-Group_Projects/project-code/test/integration/auth.routes.test.ts","function":null,"line":71,"method":null,"native":false},{"column":6,"file":"/cs/home/jw255/Modules/CS3099-Group_Projects/project-code/node_modules/supertest/lib/test.js","function":"Test.assert","line":179,"method":"assert","native":false},{"column":12,"file":"/cs/home/jw255/Modules/CS3099-Group_Projects/project-code/node_modules/supertest/lib/test.js","function":"Server.assert","line":131,"method":"assert","native":false},{"column":30,"file":"events.js","function":"Object.onceWrapper","line":313,"method":"onceWrapper","native":false},{"column":13,"file":"events.js","function":"emitNone","line":106,"method":null,"native":false},{"column":7,"file":"events.js","function":"Server.emit","line":208,"method":"emit","native":false},{"column":8,"file":"net.js","function":"emitCloseNT","line":1655,"method":null,"native":false},{"column":11,"file":"internal/process/next_tick.js","function":"_combinedTickCallback","line":135,"method":null,"native":false},{"column":9,"file":"internal/process/next_tick.js","function":"process._tickCallback","line":180,"method":"_tickCallback","native":false}],"stack":["AssertionError: expected { Object (domain, _events, ...) } to have status code 401 but got 200","    at Test.<anonymous> (/cs/home/jw255/Modules/CS3099-Group_Projects/project-code/test/integration/auth.routes.test.ts:71:25)","    at Test.assert (/cs/home/jw255/Modules/CS3099-Group_Projects/project-code/node_modules/supertest/lib/test.js:179:6)","    at Server.assert (/cs/home/jw255/Modules/CS3099-Group_Projects/project-code/node_modules/supertest/lib/test.js:131:12)","    at Object.onceWrapper (events.js:313:30)","    at emitNone (events.js:106:13)","    at Server.emit (events.js:208:7)","    at emitCloseNT (net.js:1655:8)","    at _combinedTickCallback (internal/process/next_tick.js:135:11)","    at process._tickCallback (internal/process/next_tick.js:180:9)"],"level":"error","message":"uncaughtException: expected { Object (domain, _events, ...) } to have status code 401 but got 200","label":"Critical Reporter","timestamp":"2018-03-05T20:00:22.251Z"}
{"date":"Mon Mar 05 2018 20:01:45 GMT+0000 (GMT)","process":{"pid":3715,"uid":20219,"gid":20219,"cwd":"/cs/home/jw255/Modules/CS3099-Group_Projects/project-code","execPath":"/usr/bin/node","version":"v8.9.4","argv":["/usr/bin/node","/cs/home/jw255/Modules/CS3099-Group_Projects/project-code/node_modules/mocha/bin/_mocha","--reporter","spec","-r","ts-node/register","./test/**/*auth.routes.test.ts"],"memoryUsage":{"rss":204709888,"heapTotal":150753280,"heapUsed":129316672,"external":860988}},"os":{"loadavg":[0.16064453125,0.12646484375,0.32470703125],"uptime":5038472},"trace":[{"column":25,"file":"/cs/home/jw255/Modules/CS3099-Group_Projects/project-code/test/integration/auth.routes.test.ts","function":null,"line":71,"method":null,"native":false},{"column":6,"file":"/cs/home/jw255/Modules/CS3099-Group_Projects/project-code/node_modules/supertest/lib/test.js","function":"Test.assert","line":179,"method":"assert","native":false},{"column":12,"file":"/cs/home/jw255/Modules/CS3099-Group_Projects/project-code/node_modules/supertest/lib/test.js","function":"Server.assert","line":131,"method":"assert","native":false},{"column":30,"file":"events.js","function":"Object.onceWrapper","line":313,"method":"onceWrapper","native":false},{"column":13,"file":"events.js","function":"emitNone","line":106,"method":null,"native":false},{"column":7,"file":"events.js","function":"Server.emit","line":208,"method":"emit","native":false},{"column":8,"file":"net.js","function":"emitCloseNT","line":1655,"method":null,"native":false},{"column":11,"file":"internal/process/next_tick.js","function":"_combinedTickCallback","line":135,"method":null,"native":false},{"column":9,"file":"internal/process/next_tick.js","function":"process._tickCallback","line":180,"method":"_tickCallback","native":false}],"stack":["AssertionError: expected { Object (domain, _events, ...) } to have status code 401 but got 200","    at Test.<anonymous> (/cs/home/jw255/Modules/CS3099-Group_Projects/project-code/test/integration/auth.routes.test.ts:71:25)","    at Test.assert (/cs/home/jw255/Modules/CS3099-Group_Projects/project-code/node_modules/supertest/lib/test.js:179:6)","    at Server.assert (/cs/home/jw255/Modules/CS3099-Group_Projects/project-code/node_modules/supertest/lib/test.js:131:12)","    at Object.onceWrapper (events.js:313:30)","    at emitNone (events.js:106:13)","    at Server.emit (events.js:208:7)","    at emitCloseNT (net.js:1655:8)","    at _combinedTickCallback (internal/process/next_tick.js:135:11)","    at process._tickCallback (internal/process/next_tick.js:180:9)"],"level":"error","message":"uncaughtException: expected { Object (domain, _events, ...) } to have status code 401 but got 200","label":"Critical Reporter","timestamp":"2018-03-05T20:01:45.638Z"}
{"date":"Mon Mar 05 2018 20:03:10 GMT+0000 (GMT)","process":{"pid":3885,"uid":20219,"gid":20219,"cwd":"/cs/home/jw255/Modules/CS3099-Group_Projects/project-code","execPath":"/usr/bin/node","version":"v8.9.4","argv":["/usr/bin/node","/cs/home/jw255/Modules/CS3099-Group_Projects/project-code/node_modules/mocha/bin/_mocha","--reporter","spec","-r","ts-node/register","./test/**/*auth.routes.test.ts"],"memoryUsage":{"rss":208748544,"heapTotal":158040064,"heapUsed":131937504,"external":317059}},"os":{"loadavg":[0.1162109375,0.1083984375,0.29736328125],"uptime":5038557},"trace":[{"column":25,"file":"/cs/home/jw255/Modules/CS3099-Group_Projects/project-code/test/integration/auth.routes.test.ts","function":null,"line":71,"method":null,"native":false},{"column":6,"file":"/cs/home/jw255/Modules/CS3099-Group_Projects/project-code/node_modules/supertest/lib/test.js","function":"Test.assert","line":179,"method":"assert","native":false},{"column":12,"file":"/cs/home/jw255/Modules/CS3099-Group_Projects/project-code/node_modules/supertest/lib/test.js","function":"Server.assert","line":131,"method":"assert","native":false},{"column":30,"file":"events.js","function":"Object.onceWrapper","line":313,"method":"onceWrapper","native":false},{"column":13,"file":"events.js","function":"emitNone","line":106,"method":null,"native":false},{"column":7,"file":"events.js","function":"Server.emit","line":208,"method":"emit","native":false},{"column":8,"file":"net.js","function":"emitCloseNT","line":1655,"method":null,"native":false},{"column":11,"file":"internal/process/next_tick.js","function":"_combinedTickCallback","line":135,"method":null,"native":false},{"column":9,"file":"internal/process/next_tick.js","function":"process._tickCallback","line":180,"method":"_tickCallback","native":false}],"stack":["AssertionError: expected { Object (domain, _events, ...) } to have status code 401 but got 200","    at Test.<anonymous> (/cs/home/jw255/Modules/CS3099-Group_Projects/project-code/test/integration/auth.routes.test.ts:71:25)","    at Test.assert (/cs/home/jw255/Modules/CS3099-Group_Projects/project-code/node_modules/supertest/lib/test.js:179:6)","    at Server.assert (/cs/home/jw255/Modules/CS3099-Group_Projects/project-code/node_modules/supertest/lib/test.js:131:12)","    at Object.onceWrapper (events.js:313:30)","    at emitNone (events.js:106:13)","    at Server.emit (events.js:208:7)","    at emitCloseNT (net.js:1655:8)","    at _combinedTickCallback (internal/process/next_tick.js:135:11)","    at process._tickCallback (internal/process/next_tick.js:180:9)"],"level":"error","message":"uncaughtException: expected { Object (domain, _events, ...) } to have status code 401 but got 200","label":"Critical Reporter","timestamp":"2018-03-05T20:03:10.753Z"}
{"date":"Tue Mar 06 2018 15:27:50 GMT+0000 (GMT)","process":{"pid":26209,"uid":20219,"gid":20219,"cwd":"/cs/home/jw255/Modules/CS3099-Group_Projects/project-code","execPath":"/cs/home/jw255/.nvm/versions/node/v9.1.0/bin/node","version":"v9.1.0","argv":["/cs/home/jw255/.nvm/versions/node/v9.1.0/bin/node","/cs/home/jw255/Modules/CS3099-Group_Projects/project-code/node_modules/mocha/bin/_mocha","--reporter","spec","-r","ts-node/register","./test/**/*auth.routes.test.ts"],"memoryUsage":{"rss":97353728,"heapTotal":77099008,"heapUsed":49499928,"external":1410892}},"os":{"loadavg":[3.22607421875,2.662109375,2.60302734375],"uptime":538292},"trace":[{"column":25,"file":"/cs/home/jw255/Modules/CS3099-Group_Projects/project-code/test/integration/auth.routes.test.ts","function":"Test.request.agent.post.send.end","line":88,"method":"end","native":false},{"column":6,"file":"/cs/home/jw255/Modules/CS3099-Group_Projects/project-code/node_modules/supertest/lib/test.js","function":"Test.assert","line":179,"method":"assert","native":false},{"column":12,"file":"/cs/home/jw255/Modules/CS3099-Group_Projects/project-code/node_modules/supertest/lib/test.js","function":"Server.assert","line":131,"method":"assert","native":false},{"column":30,"file":"events.js","function":"Object.onceWrapper","line":322,"method":"onceWrapper","native":false},{"column":13,"file":"events.js","function":"emitNone","line":115,"method":null,"native":false},{"column":7,"file":"events.js","function":"Server.emit","line":218,"method":"emit","native":false},{"column":8,"file":"net.js","function":"emitCloseNT","line":1677,"method":null,"native":false},{"column":11,"file":"internal/process/next_tick.js","function":"_combinedTickCallback","line":135,"method":null,"native":false},{"column":9,"file":"internal/process/next_tick.js","function":"process._tickCallback","line":180,"method":"_tickCallback","native":false}],"stack":["AssertionError: expected { Object (domain, _events, ...) } to have status code 401 but got 400","    at Test.request.agent.post.send.end (/cs/home/jw255/Modules/CS3099-Group_Projects/project-code/test/integration/auth.routes.test.ts:88:25)","    at Test.assert (/cs/home/jw255/Modules/CS3099-Group_Projects/project-code/node_modules/supertest/lib/test.js:179:6)","    at Server.assert (/cs/home/jw255/Modules/CS3099-Group_Projects/project-code/node_modules/supertest/lib/test.js:131:12)","    at Object.onceWrapper (events.js:322:30)","    at emitNone (events.js:115:13)","    at Server.emit (events.js:218:7)","    at emitCloseNT (net.js:1677:8)","    at _combinedTickCallback (internal/process/next_tick.js:135:11)","    at process._tickCallback (internal/process/next_tick.js:180:9)"],"level":"error","message":"uncaughtException: expected { Object (domain, _events, ...) } to have status code 401 but got 400","label":"Critical Reporter","timestamp":"2018-03-06T15:27:50.732Z"}
{"date":"Tue Mar 06 2018 15:45:19 GMT+0000 (GMT)","process":{"pid":28110,"uid":20219,"gid":20219,"cwd":"/cs/home/jw255/Modules/CS3099-Group_Projects/project-code","execPath":"/cs/home/jw255/.nvm/versions/node/v9.1.0/bin/node","version":"v9.1.0","argv":["/cs/home/jw255/.nvm/versions/node/v9.1.0/bin/node","/cs/home/jw255/Modules/CS3099-Group_Projects/project-code/node_modules/mocha/bin/_mocha","--reporter","spec","-r","ts-node/register","./test/**/*auth.routes.test.ts"],"memoryUsage":{"rss":98410496,"heapTotal":76050432,"heapUsed":49468536,"external":1594601}},"os":{"loadavg":[2.03125,2.03125,2.25390625],"uptime":539341},"trace":[{"column":25,"file":"/cs/home/jw255/Modules/CS3099-Group_Projects/project-code/test/integration/auth.routes.test.ts","function":"Test.request.agent.post.send.end","line":88,"method":"end","native":false},{"column":6,"file":"/cs/home/jw255/Modules/CS3099-Group_Projects/project-code/node_modules/supertest/lib/test.js","function":"Test.assert","line":179,"method":"assert","native":false},{"column":12,"file":"/cs/home/jw255/Modules/CS3099-Group_Projects/project-code/node_modules/supertest/lib/test.js","function":"Server.assert","line":131,"method":"assert","native":false},{"column":30,"file":"events.js","function":"Object.onceWrapper","line":322,"method":"onceWrapper","native":false},{"column":13,"file":"events.js","function":"emitNone","line":115,"method":null,"native":false},{"column":7,"file":"events.js","function":"Server.emit","line":218,"method":"emit","native":false},{"column":8,"file":"net.js","function":"emitCloseNT","line":1677,"method":null,"native":false},{"column":11,"file":"internal/process/next_tick.js","function":"_combinedTickCallback","line":135,"method":null,"native":false},{"column":9,"file":"internal/process/next_tick.js","function":"process._tickCallback","line":180,"method":"_tickCallback","native":false}],"stack":["AssertionError: expected { Object (domain, _events, ...) } to have status code 401 but got 400","    at Test.request.agent.post.send.end (/cs/home/jw255/Modules/CS3099-Group_Projects/project-code/test/integration/auth.routes.test.ts:88:25)","    at Test.assert (/cs/home/jw255/Modules/CS3099-Group_Projects/project-code/node_modules/supertest/lib/test.js:179:6)","    at Server.assert (/cs/home/jw255/Modules/CS3099-Group_Projects/project-code/node_modules/supertest/lib/test.js:131:12)","    at Object.onceWrapper (events.js:322:30)","    at emitNone (events.js:115:13)","    at Server.emit (events.js:218:7)","    at emitCloseNT (net.js:1677:8)","    at _combinedTickCallback (internal/process/next_tick.js:135:11)","    at process._tickCallback (internal/process/next_tick.js:180:9)"],"level":"error","message":"uncaughtException: expected { Object (domain, _events, ...) } to have status code 401 but got 400","label":"Critical Reporter","timestamp":"2018-03-06T15:45:19.709Z"}
{"date":"Tue Mar 06 2018 15:45:48 GMT+0000 (GMT)","process":{"pid":28195,"uid":20219,"gid":20219,"cwd":"/cs/home/jw255/Modules/CS3099-Group_Projects/project-code","execPath":"/cs/home/jw255/.nvm/versions/node/v9.1.0/bin/node","version":"v9.1.0","argv":["/cs/home/jw255/.nvm/versions/node/v9.1.0/bin/node","/cs/home/jw255/Modules/CS3099-Group_Projects/project-code/node_modules/mocha/bin/_mocha","--reporter","spec","-r","ts-node/register","./test/**/*auth.routes.test.ts"],"memoryUsage":{"rss":193683456,"heapTotal":148590592,"heapUsed":114523704,"external":1336445}},"os":{"loadavg":[2.11181640625,2.04541015625,2.25048828125],"uptime":539370},"trace":[{"column":25,"file":"/cs/home/jw255/Modules/CS3099-Group_Projects/project-code/test/integration/auth.routes.test.ts","function":"Test.request.agent.post.send.end","line":88,"method":"end","native":false},{"column":6,"file":"/cs/home/jw255/Modules/CS3099-Group_Projects/project-code/node_modules/supertest/lib/test.js","function":"Test.assert","line":179,"method":"assert","native":false},{"column":12,"file":"/cs/home/jw255/Modules/CS3099-Group_Projects/project-code/node_modules/supertest/lib/test.js","function":"Server.assert","line":131,"method":"assert","native":false},{"column":30,"file":"events.js","function":"Object.onceWrapper","line":322,"method":"onceWrapper","native":false},{"column":13,"file":"events.js","function":"emitNone","line":115,"method":null,"native":false},{"column":7,"file":"events.js","function":"Server.emit","line":218,"method":"emit","native":false},{"column":8,"file":"net.js","function":"emitCloseNT","line":1677,"method":null,"native":false},{"column":11,"file":"internal/process/next_tick.js","function":"_combinedTickCallback","line":135,"method":null,"native":false},{"column":9,"file":"internal/process/next_tick.js","function":"process._tickCallback","line":180,"method":"_tickCallback","native":false}],"stack":["AssertionError: expected { Object (domain, _events, ...) } to have status code 401 but got 400","    at Test.request.agent.post.send.end (/cs/home/jw255/Modules/CS3099-Group_Projects/project-code/test/integration/auth.routes.test.ts:88:25)","    at Test.assert (/cs/home/jw255/Modules/CS3099-Group_Projects/project-code/node_modules/supertest/lib/test.js:179:6)","    at Server.assert (/cs/home/jw255/Modules/CS3099-Group_Projects/project-code/node_modules/supertest/lib/test.js:131:12)","    at Object.onceWrapper (events.js:322:30)","    at emitNone (events.js:115:13)","    at Server.emit (events.js:218:7)","    at emitCloseNT (net.js:1677:8)","    at _combinedTickCallback (internal/process/next_tick.js:135:11)","    at process._tickCallback (internal/process/next_tick.js:180:9)"],"level":"error","message":"uncaughtException: expected { Object (domain, _events, ...) } to have status code 401 but got 400","label":"Critical Reporter","timestamp":"2018-03-06T15:45:48.340Z"}
{"date":"Tue Mar 06 2018 15:46:36 GMT+0000 (GMT)","process":{"pid":28354,"uid":20219,"gid":20219,"cwd":"/cs/home/jw255/Modules/CS3099-Group_Projects/project-code","execPath":"/cs/home/jw255/.nvm/versions/node/v9.1.0/bin/node","version":"v9.1.0","argv":["/cs/home/jw255/.nvm/versions/node/v9.1.0/bin/node","/cs/home/jw255/Modules/CS3099-Group_Projects/project-code/node_modules/mocha/bin/_mocha","--reporter","spec","-r","ts-node/register","./test/**/*auth.routes.test.ts"],"memoryUsage":{"rss":202117120,"heapTotal":153350144,"heapUsed":126885224,"external":262087}},"os":{"loadavg":[2.20263671875,2.072265625,2.24658203125],"uptime":539419},"trace":[{"column":25,"file":"/cs/home/jw255/Modules/CS3099-Group_Projects/project-code/test/integration/auth.routes.test.ts","function":"Test.request.agent.post.send.end","line":88,"method":"end","native":false},{"column":6,"file":"/cs/home/jw255/Modules/CS3099-Group_Projects/project-code/node_modules/supertest/lib/test.js","function":"Test.assert","line":179,"method":"assert","native":false},{"column":12,"file":"/cs/home/jw255/Modules/CS3099-Group_Projects/project-code/node_modules/supertest/lib/test.js","function":"Server.assert","line":131,"method":"assert","native":false},{"column":30,"file":"events.js","function":"Object.onceWrapper","line":322,"method":"onceWrapper","native":false},{"column":13,"file":"events.js","function":"emitNone","line":115,"method":null,"native":false},{"column":7,"file":"events.js","function":"Server.emit","line":218,"method":"emit","native":false},{"column":8,"file":"net.js","function":"emitCloseNT","line":1677,"method":null,"native":false},{"column":11,"file":"internal/process/next_tick.js","function":"_combinedTickCallback","line":135,"method":null,"native":false},{"column":9,"file":"internal/process/next_tick.js","function":"process._tickCallback","line":180,"method":"_tickCallback","native":false}],"stack":["AssertionError: expected { Object (domain, _events, ...) } to have status code 401 but got 400","    at Test.request.agent.post.send.end (/cs/home/jw255/Modules/CS3099-Group_Projects/project-code/test/integration/auth.routes.test.ts:88:25)","    at Test.assert (/cs/home/jw255/Modules/CS3099-Group_Projects/project-code/node_modules/supertest/lib/test.js:179:6)","    at Server.assert (/cs/home/jw255/Modules/CS3099-Group_Projects/project-code/node_modules/supertest/lib/test.js:131:12)","    at Object.onceWrapper (events.js:322:30)","    at emitNone (events.js:115:13)","    at Server.emit (events.js:218:7)","    at emitCloseNT (net.js:1677:8)","    at _combinedTickCallback (internal/process/next_tick.js:135:11)","    at process._tickCallback (internal/process/next_tick.js:180:9)"],"level":"error","message":"uncaughtException: expected { Object (domain, _events, ...) } to have status code 401 but got 400","label":"Critical Reporter","timestamp":"2018-03-06T15:46:36.915Z"}
{"date":"Tue Mar 06 2018 15:47:11 GMT+0000 (GMT)","process":{"pid":28457,"uid":20219,"gid":20219,"cwd":"/cs/home/jw255/Modules/CS3099-Group_Projects/project-code","execPath":"/cs/home/jw255/.nvm/versions/node/v9.1.0/bin/node","version":"v9.1.0","argv":["/cs/home/jw255/.nvm/versions/node/v9.1.0/bin/node","/cs/home/jw255/Modules/CS3099-Group_Projects/project-code/node_modules/mocha/bin/_mocha","--reporter","spec","-r","ts-node/register","./test/**/*auth.routes.test.ts"],"memoryUsage":{"rss":201355264,"heapTotal":148590592,"heapUsed":115832104,"external":1273595}},"os":{"loadavg":[2.3466796875,2.11474609375,2.25244140625],"uptime":539453},"trace":[{"column":25,"file":"/cs/home/jw255/Modules/CS3099-Group_Projects/project-code/test/integration/auth.routes.test.ts","function":"Test.request.agent.post.send.end","line":71,"method":"end","native":false},{"column":6,"file":"/cs/home/jw255/Modules/CS3099-Group_Projects/project-code/node_modules/supertest/lib/test.js","function":"Test.assert","line":179,"method":"assert","native":false},{"column":12,"file":"/cs/home/jw255/Modules/CS3099-Group_Projects/project-code/node_modules/supertest/lib/test.js","function":"Server.assert","line":131,"method":"assert","native":false},{"column":30,"file":"events.js","function":"Object.onceWrapper","line":322,"method":"onceWrapper","native":false},{"column":13,"file":"events.js","function":"emitNone","line":115,"method":null,"native":false},{"column":7,"file":"events.js","function":"Server.emit","line":218,"method":"emit","native":false},{"column":8,"file":"net.js","function":"emitCloseNT","line":1677,"method":null,"native":false},{"column":11,"file":"internal/process/next_tick.js","function":"_combinedTickCallback","line":135,"method":null,"native":false},{"column":9,"file":"internal/process/next_tick.js","function":"process._tickCallback","line":180,"method":"_tickCallback","native":false}],"stack":["AssertionError: expected { Object (domain, _events, ...) } to have status code 401 but got 200","    at Test.request.agent.post.send.end (/cs/home/jw255/Modules/CS3099-Group_Projects/project-code/test/integration/auth.routes.test.ts:71:25)","    at Test.assert (/cs/home/jw255/Modules/CS3099-Group_Projects/project-code/node_modules/supertest/lib/test.js:179:6)","    at Server.assert (/cs/home/jw255/Modules/CS3099-Group_Projects/project-code/node_modules/supertest/lib/test.js:131:12)","    at Object.onceWrapper (events.js:322:30)","    at emitNone (events.js:115:13)","    at Server.emit (events.js:218:7)","    at emitCloseNT (net.js:1677:8)","    at _combinedTickCallback (internal/process/next_tick.js:135:11)","    at process._tickCallback (internal/process/next_tick.js:180:9)"],"level":"error","message":"uncaughtException: expected { Object (domain, _events, ...) } to have status code 401 but got 200","label":"Critical Reporter","timestamp":"2018-03-06T15:47:11.026Z"}
{"date":"Tue Mar 06 2018 15:49:26 GMT+0000 (GMT)","process":{"pid":28900,"uid":20219,"gid":20219,"cwd":"/cs/home/jw255/Modules/CS3099-Group_Projects/project-code","execPath":"/cs/home/jw255/.nvm/versions/node/v9.1.0/bin/node","version":"v9.1.0","argv":["/cs/home/jw255/.nvm/versions/node/v9.1.0/bin/node","/cs/home/jw255/Modules/CS3099-Group_Projects/project-code/node_modules/mocha/bin/_mocha","--reporter","spec","-r","ts-node/register","./test/**/*auth.routes.test.ts"],"memoryUsage":{"rss":194514944,"heapTotal":148590592,"heapUsed":115993280,"external":1425542}},"os":{"loadavg":[2.89599609375,2.37060546875,2.3251953125],"uptime":539588},"trace":[{"column":25,"file":"/cs/home/jw255/Modules/CS3099-Group_Projects/project-code/test/integration/auth.routes.test.ts","function":"Test.request.agent.post.send.end","line":71,"method":"end","native":false},{"column":6,"file":"/cs/home/jw255/Modules/CS3099-Group_Projects/project-code/node_modules/supertest/lib/test.js","function":"Test.assert","line":179,"method":"assert","native":false},{"column":12,"file":"/cs/home/jw255/Modules/CS3099-Group_Projects/project-code/node_modules/supertest/lib/test.js","function":"Server.assert","line":131,"method":"assert","native":false},{"column":30,"file":"events.js","function":"Object.onceWrapper","line":322,"method":"onceWrapper","native":false},{"column":13,"file":"events.js","function":"emitNone","line":115,"method":null,"native":false},{"column":7,"file":"events.js","function":"Server.emit","line":218,"method":"emit","native":false},{"column":8,"file":"net.js","function":"emitCloseNT","line":1677,"method":null,"native":false},{"column":11,"file":"internal/process/next_tick.js","function":"_combinedTickCallback","line":135,"method":null,"native":false},{"column":9,"file":"internal/process/next_tick.js","function":"process._tickCallback","line":180,"method":"_tickCallback","native":false}],"stack":["AssertionError: expected { Object (domain, _events, ...) } to have status code 401 but got 200","    at Test.request.agent.post.send.end (/cs/home/jw255/Modules/CS3099-Group_Projects/project-code/test/integration/auth.routes.test.ts:71:25)","    at Test.assert (/cs/home/jw255/Modules/CS3099-Group_Projects/project-code/node_modules/supertest/lib/test.js:179:6)","    at Server.assert (/cs/home/jw255/Modules/CS3099-Group_Projects/project-code/node_modules/supertest/lib/test.js:131:12)","    at Object.onceWrapper (events.js:322:30)","    at emitNone (events.js:115:13)","    at Server.emit (events.js:218:7)","    at emitCloseNT (net.js:1677:8)","    at _combinedTickCallback (internal/process/next_tick.js:135:11)","    at process._tickCallback (internal/process/next_tick.js:180:9)"],"level":"error","message":"uncaughtException: expected { Object (domain, _events, ...) } to have status code 401 but got 200","label":"Critical Reporter","timestamp":"2018-03-06T15:49:26.650Z"}
{"date":"Tue Mar 06 2018 15:51:15 GMT+0000 (GMT)","process":{"pid":29130,"uid":20219,"gid":20219,"cwd":"/cs/home/jw255/Modules/CS3099-Group_Projects/project-code","execPath":"/cs/home/jw255/.nvm/versions/node/v9.1.0/bin/node","version":"v9.1.0","argv":["/cs/home/jw255/.nvm/versions/node/v9.1.0/bin/node","/cs/home/jw255/Modules/CS3099-Group_Projects/project-code/node_modules/mocha/bin/_mocha","--reporter","spec","-r","ts-node/register","./test/**/*auth.routes.test.ts"],"memoryUsage":{"rss":196173824,"heapTotal":148066304,"heapUsed":116140448,"external":1372920}},"os":{"loadavg":[2.8583984375,2.5478515625,2.39697265625],"uptime":539697},"trace":[{"column":25,"file":"/cs/home/jw255/Modules/CS3099-Group_Projects/project-code/test/integration/auth.routes.test.ts","function":"Test.request.agent.post.send.end","line":71,"method":"end","native":false},{"column":6,"file":"/cs/home/jw255/Modules/CS3099-Group_Projects/project-code/node_modules/supertest/lib/test.js","function":"Test.assert","line":179,"method":"assert","native":false},{"column":12,"file":"/cs/home/jw255/Modules/CS3099-Group_Projects/project-code/node_modules/supertest/lib/test.js","function":"Server.assert","line":131,"method":"assert","native":false},{"column":30,"file":"events.js","function":"Object.onceWrapper","line":322,"method":"onceWrapper","native":false},{"column":13,"file":"events.js","function":"emitNone","line":115,"method":null,"native":false},{"column":7,"file":"events.js","function":"Server.emit","line":218,"method":"emit","native":false},{"column":8,"file":"net.js","function":"emitCloseNT","line":1677,"method":null,"native":false},{"column":11,"file":"internal/process/next_tick.js","function":"_combinedTickCallback","line":135,"method":null,"native":false},{"column":9,"file":"internal/process/next_tick.js","function":"process._tickCallback","line":180,"method":"_tickCallback","native":false}],"stack":["AssertionError: expected { Object (domain, _events, ...) } to have status code 401 but got 200","    at Test.request.agent.post.send.end (/cs/home/jw255/Modules/CS3099-Group_Projects/project-code/test/integration/auth.routes.test.ts:71:25)","    at Test.assert (/cs/home/jw255/Modules/CS3099-Group_Projects/project-code/node_modules/supertest/lib/test.js:179:6)","    at Server.assert (/cs/home/jw255/Modules/CS3099-Group_Projects/project-code/node_modules/supertest/lib/test.js:131:12)","    at Object.onceWrapper (events.js:322:30)","    at emitNone (events.js:115:13)","    at Server.emit (events.js:218:7)","    at emitCloseNT (net.js:1677:8)","    at _combinedTickCallback (internal/process/next_tick.js:135:11)","    at process._tickCallback (internal/process/next_tick.js:180:9)"],"level":"error","message":"uncaughtException: expected { Object (domain, _events, ...) } to have status code 401 but got 200","label":"Critical Reporter","timestamp":"2018-03-06T15:51:15.132Z"}
{"date":"Tue Mar 06 2018 15:51:49 GMT+0000 (GMT)","process":{"pid":29202,"uid":20219,"gid":20219,"cwd":"/cs/home/jw255/Modules/CS3099-Group_Projects/project-code","execPath":"/cs/home/jw255/.nvm/versions/node/v9.1.0/bin/node","version":"v9.1.0","argv":["/cs/home/jw255/.nvm/versions/node/v9.1.0/bin/node","/cs/home/jw255/Modules/CS3099-Group_Projects/project-code/node_modules/mocha/bin/_mocha","--reporter","spec","-r","ts-node/register","./test/**/*auth.routes.test.ts"],"memoryUsage":{"rss":207503360,"heapTotal":153874432,"heapUsed":127288792,"external":211793}},"os":{"loadavg":[2.56396484375,2.50439453125,2.388671875],"uptime":539732},"trace":[{"column":25,"file":"/cs/home/jw255/Modules/CS3099-Group_Projects/project-code/test/integration/auth.routes.test.ts","function":"Test.request.agent.post.send.end","line":71,"method":"end","native":false},{"column":6,"file":"/cs/home/jw255/Modules/CS3099-Group_Projects/project-code/node_modules/supertest/lib/test.js","function":"Test.assert","line":179,"method":"assert","native":false},{"column":12,"file":"/cs/home/jw255/Modules/CS3099-Group_Projects/project-code/node_modules/supertest/lib/test.js","function":"Server.assert","line":131,"method":"assert","native":false},{"column":30,"file":"events.js","function":"Object.onceWrapper","line":322,"method":"onceWrapper","native":false},{"column":13,"file":"events.js","function":"emitNone","line":115,"method":null,"native":false},{"column":7,"file":"events.js","function":"Server.emit","line":218,"method":"emit","native":false},{"column":8,"file":"net.js","function":"emitCloseNT","line":1677,"method":null,"native":false},{"column":11,"file":"internal/process/next_tick.js","function":"_combinedTickCallback","line":135,"method":null,"native":false},{"column":9,"file":"internal/process/next_tick.js","function":"process._tickCallback","line":180,"method":"_tickCallback","native":false}],"stack":["AssertionError: expected { Object (domain, _events, ...) } to have status code 123 but got 200","    at Test.request.agent.post.send.end (/cs/home/jw255/Modules/CS3099-Group_Projects/project-code/test/integration/auth.routes.test.ts:71:25)","    at Test.assert (/cs/home/jw255/Modules/CS3099-Group_Projects/project-code/node_modules/supertest/lib/test.js:179:6)","    at Server.assert (/cs/home/jw255/Modules/CS3099-Group_Projects/project-code/node_modules/supertest/lib/test.js:131:12)","    at Object.onceWrapper (events.js:322:30)","    at emitNone (events.js:115:13)","    at Server.emit (events.js:218:7)","    at emitCloseNT (net.js:1677:8)","    at _combinedTickCallback (internal/process/next_tick.js:135:11)","    at process._tickCallback (internal/process/next_tick.js:180:9)"],"level":"error","message":"uncaughtException: expected { Object (domain, _events, ...) } to have status code 123 but got 200","label":"Critical Reporter","timestamp":"2018-03-06T15:51:49.967Z"}
{"date":"Tue Mar 06 2018 15:53:09 GMT+0000 (GMT)","process":{"pid":29275,"uid":20219,"gid":20219,"cwd":"/cs/home/jw255/Modules/CS3099-Group_Projects/project-code","execPath":"/cs/home/jw255/.nvm/versions/node/v9.1.0/bin/node","version":"v9.1.0","argv":["/cs/home/jw255/.nvm/versions/node/v9.1.0/bin/node","/cs/home/jw255/Modules/CS3099-Group_Projects/project-code/node_modules/mocha/bin/_mocha","--reporter","spec","-r","ts-node/register","./test/**/*auth.routes.test.ts"],"memoryUsage":{"rss":99831808,"heapTotal":76574720,"heapUsed":51011040,"external":1656035}},"os":{"loadavg":[2.337890625,2.44482421875,2.37890625],"uptime":539811},"trace":[{"column":25,"file":"/cs/home/jw255/Modules/CS3099-Group_Projects/project-code/test/integration/auth.routes.test.ts","function":"Test.request.agent.post.send.end","line":71,"method":"end","native":false},{"column":6,"file":"/cs/home/jw255/Modules/CS3099-Group_Projects/project-code/node_modules/supertest/lib/test.js","function":"Test.assert","line":179,"method":"assert","native":false},{"column":12,"file":"/cs/home/jw255/Modules/CS3099-Group_Projects/project-code/node_modules/supertest/lib/test.js","function":"Server.assert","line":131,"method":"assert","native":false},{"column":30,"file":"events.js","function":"Object.onceWrapper","line":322,"method":"onceWrapper","native":false},{"column":13,"file":"events.js","function":"emitNone","line":115,"method":null,"native":false},{"column":7,"file":"events.js","function":"Server.emit","line":218,"method":"emit","native":false},{"column":8,"file":"net.js","function":"emitCloseNT","line":1677,"method":null,"native":false},{"column":11,"file":"internal/process/next_tick.js","function":"_combinedTickCallback","line":135,"method":null,"native":false},{"column":9,"file":"internal/process/next_tick.js","function":"process._tickCallback","line":180,"method":"_tickCallback","native":false}],"stack":["AssertionError: expected { Object (domain, _events, ...) } to have status code 123 but got 200","    at Test.request.agent.post.send.end (/cs/home/jw255/Modules/CS3099-Group_Projects/project-code/test/integration/auth.routes.test.ts:71:25)","    at Test.assert (/cs/home/jw255/Modules/CS3099-Group_Projects/project-code/node_modules/supertest/lib/test.js:179:6)","    at Server.assert (/cs/home/jw255/Modules/CS3099-Group_Projects/project-code/node_modules/supertest/lib/test.js:131:12)","    at Object.onceWrapper (events.js:322:30)","    at emitNone (events.js:115:13)","    at Server.emit (events.js:218:7)","    at emitCloseNT (net.js:1677:8)","    at _combinedTickCallback (internal/process/next_tick.js:135:11)","    at process._tickCallback (internal/process/next_tick.js:180:9)"],"level":"error","message":"uncaughtException: expected { Object (domain, _events, ...) } to have status code 123 but got 200","label":"Critical Reporter","timestamp":"2018-03-06T15:53:09.456Z"}
{"date":"Tue Mar 06 2018 15:54:04 GMT+0000 (GMT)","process":{"pid":29369,"uid":20219,"gid":20219,"cwd":"/cs/home/jw255/Modules/CS3099-Group_Projects/project-code","execPath":"/cs/home/jw255/.nvm/versions/node/v9.1.0/bin/node","version":"v9.1.0","argv":["/cs/home/jw255/.nvm/versions/node/v9.1.0/bin/node","/cs/home/jw255/Modules/CS3099-Group_Projects/project-code/node_modules/mocha/bin/_mocha","--reporter","spec","-r","ts-node/register","./test/**/*auth.routes.test.ts"],"memoryUsage":{"rss":203153408,"heapTotal":155918336,"heapUsed":111414264,"external":66855}},"os":{"loadavg":[2.28857421875,2.4150390625,2.37353515625],"uptime":539866},"trace":[{"column":25,"file":"/cs/home/jw255/Modules/CS3099-Group_Projects/project-code/test/integration/auth.routes.test.ts","function":"Test.request.agent.post.send.end","line":71,"method":"end","native":false},{"column":6,"file":"/cs/home/jw255/Modules/CS3099-Group_Projects/project-code/node_modules/supertest/lib/test.js","function":"Test.assert","line":179,"method":"assert","native":false},{"column":12,"file":"/cs/home/jw255/Modules/CS3099-Group_Projects/project-code/node_modules/supertest/lib/test.js","function":"Server.assert","line":131,"method":"assert","native":false},{"column":30,"file":"events.js","function":"Object.onceWrapper","line":322,"method":"onceWrapper","native":false},{"column":13,"file":"events.js","function":"emitNone","line":115,"method":null,"native":false},{"column":7,"file":"events.js","function":"Server.emit","line":218,"method":"emit","native":false},{"column":8,"file":"net.js","function":"emitCloseNT","line":1677,"method":null,"native":false},{"column":11,"file":"internal/process/next_tick.js","function":"_combinedTickCallback","line":135,"method":null,"native":false},{"column":9,"file":"internal/process/next_tick.js","function":"process._tickCallback","line":180,"method":"_tickCallback","native":false}],"stack":["AssertionError: expected { Object (domain, _events, ...) } to have status code 401 but got 200","    at Test.request.agent.post.send.end (/cs/home/jw255/Modules/CS3099-Group_Projects/project-code/test/integration/auth.routes.test.ts:71:25)","    at Test.assert (/cs/home/jw255/Modules/CS3099-Group_Projects/project-code/node_modules/supertest/lib/test.js:179:6)","    at Server.assert (/cs/home/jw255/Modules/CS3099-Group_Projects/project-code/node_modules/supertest/lib/test.js:131:12)","    at Object.onceWrapper (events.js:322:30)","    at emitNone (events.js:115:13)","    at Server.emit (events.js:218:7)","    at emitCloseNT (net.js:1677:8)","    at _combinedTickCallback (internal/process/next_tick.js:135:11)","    at process._tickCallback (internal/process/next_tick.js:180:9)"],"level":"error","message":"uncaughtException: expected { Object (domain, _events, ...) } to have status code 401 but got 200","label":"Critical Reporter","timestamp":"2018-03-06T15:54:04.711Z"}
{"date":"Tue Mar 06 2018 16:05:25 GMT+0000 (GMT)","process":{"pid":30697,"uid":20219,"gid":20219,"cwd":"/cs/home/jw255/Modules/CS3099-Group_Projects/project-code","execPath":"/cs/home/jw255/.nvm/versions/node/v9.1.0/bin/node","version":"v9.1.0","argv":["/cs/home/jw255/.nvm/versions/node/v9.1.0/bin/node","/cs/home/jw255/Modules/CS3099-Group_Projects/project-code/node_modules/mocha/bin/_mocha","--reporter","spec","-r","ts-node/register","./test/**/*auth.routes.test.ts"],"memoryUsage":{"rss":201003008,"heapTotal":148590592,"heapUsed":122526232,"external":1177000}},"os":{"loadavg":[2.3056640625,2.3251953125,2.341796875],"uptime":540547},"trace":[{"column":25,"file":"/cs/home/jw255/Modules/CS3099-Group_Projects/project-code/test/integration/auth.routes.test.ts","function":"Test.request.agent.post.send.end","line":99,"method":"end","native":false},{"column":6,"file":"/cs/home/jw255/Modules/CS3099-Group_Projects/project-code/node_modules/supertest/lib/test.js","function":"Test.assert","line":179,"method":"assert","native":false},{"column":12,"file":"/cs/home/jw255/Modules/CS3099-Group_Projects/project-code/node_modules/supertest/lib/test.js","function":"Server.assert","line":131,"method":"assert","native":false},{"column":30,"file":"events.js","function":"Object.onceWrapper","line":322,"method":"onceWrapper","native":false},{"column":13,"file":"events.js","function":"emitNone","line":115,"method":null,"native":false},{"column":7,"file":"events.js","function":"Server.emit","line":218,"method":"emit","native":false},{"column":8,"file":"net.js","function":"emitCloseNT","line":1677,"method":null,"native":false},{"column":11,"file":"internal/process/next_tick.js","function":"_combinedTickCallback","line":135,"method":null,"native":false},{"column":9,"file":"internal/process/next_tick.js","function":"process._tickCallback","line":180,"method":"_tickCallback","native":false}],"stack":["AssertionError: expected { Object (domain, _events, ...) } to have status code 401 but got 400","    at Test.request.agent.post.send.end (/cs/home/jw255/Modules/CS3099-Group_Projects/project-code/test/integration/auth.routes.test.ts:99:25)","    at Test.assert (/cs/home/jw255/Modules/CS3099-Group_Projects/project-code/node_modules/supertest/lib/test.js:179:6)","    at Server.assert (/cs/home/jw255/Modules/CS3099-Group_Projects/project-code/node_modules/supertest/lib/test.js:131:12)","    at Object.onceWrapper (events.js:322:30)","    at emitNone (events.js:115:13)","    at Server.emit (events.js:218:7)","    at emitCloseNT (net.js:1677:8)","    at _combinedTickCallback (internal/process/next_tick.js:135:11)","    at process._tickCallback (internal/process/next_tick.js:180:9)"],"level":"error","message":"uncaughtException: expected { Object (domain, _events, ...) } to have status code 401 but got 400","label":"Critical Reporter","timestamp":"2018-03-06T16:05:25.934Z"}
{"date":"Tue Mar 06 2018 16:43:51 GMT+0000 (GMT)","process":{"pid":922,"uid":20219,"gid":20219,"cwd":"/cs/home/jw255/Modules/CS3099-Group_Projects/project-code","execPath":"/cs/home/jw255/.nvm/versions/node/v9.1.0/bin/node","version":"v9.1.0","argv":["/cs/home/jw255/.nvm/versions/node/v9.1.0/bin/node","/cs/home/jw255/Modules/CS3099-Group_Projects/project-code/node_modules/mocha/bin/_mocha","--reporter","spec","-r","ts-node/register","./test/**/*auth.routes.test.ts"],"memoryUsage":{"rss":200962048,"heapTotal":149114880,"heapUsed":114207432,"external":1129978}},"os":{"loadavg":[2.70947265625,2.2939453125,2.1953125],"uptime":542853},"trace":[{"column":25,"file":"/cs/home/jw255/Modules/CS3099-Group_Projects/project-code/test/integration/auth.routes.test.ts","function":"Test.request.agent.post.send.end","line":94,"method":"end","native":false},{"column":6,"file":"/cs/home/jw255/Modules/CS3099-Group_Projects/project-code/node_modules/supertest/lib/test.js","function":"Test.assert","line":179,"method":"assert","native":false},{"column":12,"file":"/cs/home/jw255/Modules/CS3099-Group_Projects/project-code/node_modules/supertest/lib/test.js","function":"Server.assert","line":131,"method":"assert","native":false},{"column":30,"file":"events.js","function":"Object.onceWrapper","line":322,"method":"onceWrapper","native":false},{"column":13,"file":"events.js","function":"emitNone","line":115,"method":null,"native":false},{"column":7,"file":"events.js","function":"Server.emit","line":218,"method":"emit","native":false},{"column":8,"file":"net.js","function":"emitCloseNT","line":1677,"method":null,"native":false},{"column":11,"file":"internal/process/next_tick.js","function":"_combinedTickCallback","line":135,"method":null,"native":false},{"column":9,"file":"internal/process/next_tick.js","function":"process._tickCallback","line":180,"method":"_tickCallback","native":false}],"stack":["AssertionError: expected { Object (domain, _events, ...) } to have status code 401 but got 400","    at Test.request.agent.post.send.end (/cs/home/jw255/Modules/CS3099-Group_Projects/project-code/test/integration/auth.routes.test.ts:94:25)","    at Test.assert (/cs/home/jw255/Modules/CS3099-Group_Projects/project-code/node_modules/supertest/lib/test.js:179:6)","    at Server.assert (/cs/home/jw255/Modules/CS3099-Group_Projects/project-code/node_modules/supertest/lib/test.js:131:12)","    at Object.onceWrapper (events.js:322:30)","    at emitNone (events.js:115:13)","    at Server.emit (events.js:218:7)","    at emitCloseNT (net.js:1677:8)","    at _combinedTickCallback (internal/process/next_tick.js:135:11)","    at process._tickCallback (internal/process/next_tick.js:180:9)"],"level":"error","message":"uncaughtException: expected { Object (domain, _events, ...) } to have status code 401 but got 400","label":"Critical Reporter","timestamp":"2018-03-06T16:43:51.296Z"}
{"date":"Tue Mar 06 2018 16:44:17 GMT+0000 (GMT)","process":{"pid":967,"uid":20219,"gid":20219,"cwd":"/cs/home/jw255/Modules/CS3099-Group_Projects/project-code","execPath":"/cs/home/jw255/.nvm/versions/node/v9.1.0/bin/node","version":"v9.1.0","argv":["/cs/home/jw255/.nvm/versions/node/v9.1.0/bin/node","/cs/home/jw255/Modules/CS3099-Group_Projects/project-code/node_modules/mocha/bin/_mocha","--reporter","spec","-r","ts-node/register","./test/**/*.routes.test.ts"],"memoryUsage":{"rss":204718080,"heapTotal":149626880,"heapUsed":113866840,"external":73007}},"os":{"loadavg":[2.6640625,2.3154296875,2.20556640625],"uptime":542879},"trace":[{"column":25,"file":"/cs/home/jw255/Modules/CS3099-Group_Projects/project-code/test/integration/auth.routes.test.ts","function":"Test.request.agent.post.send.end","line":94,"method":"end","native":false},{"column":6,"file":"/cs/home/jw255/Modules/CS3099-Group_Projects/project-code/node_modules/supertest/lib/test.js","function":"Test.assert","line":179,"method":"assert","native":false},{"column":12,"file":"/cs/home/jw255/Modules/CS3099-Group_Projects/project-code/node_modules/supertest/lib/test.js","function":"Server.assert","line":131,"method":"assert","native":false},{"column":30,"file":"events.js","function":"Object.onceWrapper","line":322,"method":"onceWrapper","native":false},{"column":13,"file":"events.js","function":"emitNone","line":115,"method":null,"native":false},{"column":7,"file":"events.js","function":"Server.emit","line":218,"method":"emit","native":false},{"column":8,"file":"net.js","function":"emitCloseNT","line":1677,"method":null,"native":false},{"column":11,"file":"internal/process/next_tick.js","function":"_combinedTickCallback","line":135,"method":null,"native":false},{"column":9,"file":"internal/process/next_tick.js","function":"process._tickCallback","line":180,"method":"_tickCallback","native":false}],"stack":["AssertionError: expected { Object (domain, _events, ...) } to have status code 401 but got 400","    at Test.request.agent.post.send.end (/cs/home/jw255/Modules/CS3099-Group_Projects/project-code/test/integration/auth.routes.test.ts:94:25)","    at Test.assert (/cs/home/jw255/Modules/CS3099-Group_Projects/project-code/node_modules/supertest/lib/test.js:179:6)","    at Server.assert (/cs/home/jw255/Modules/CS3099-Group_Projects/project-code/node_modules/supertest/lib/test.js:131:12)","    at Object.onceWrapper (events.js:322:30)","    at emitNone (events.js:115:13)","    at Server.emit (events.js:218:7)","    at emitCloseNT (net.js:1677:8)","    at _combinedTickCallback (internal/process/next_tick.js:135:11)","    at process._tickCallback (internal/process/next_tick.js:180:9)"],"level":"error","message":"uncaughtException: expected { Object (domain, _events, ...) } to have status code 401 but got 400","label":"Critical Reporter","timestamp":"2018-03-06T16:44:17.297Z"}
